<?xml version="1.0" encoding="UTF-8"?>
<!-- Generated by org.testng.reporters.JUnitXMLReporter -->
<testsuite ignored="0" hostname="laptop" failures="0" tests="13" name="Test4" time="0.31" errors="0" timestamp="2025-03-11T09:15:20 IST">
  <testcase classname="tutorial.testng.CartTests" name="testAddProductCart" time="0.025"/>
  <testcase classname="tutorial.testng.CartTests" name="testCartTotal" time="0.007"/>
  <testcase classname="tutorial.testng.CartTests" name="testDecreaseProductCart" time="0.004"/>
  <testcase classname="tutorial.testng.CartTests" name="testIncreaseProductCart" time="0.005"/>
  <testcase classname="tutorial.testng.CartTests" name="testProductWishlistCarte" time="0.002"/>
  <testcase classname="tutorial.testng.CartTests" name="testRetainProductCart" time="0.001"/>
  <testcase classname="tutorial.testng.CartTests" name="testTRemoveProductCart" time="0.012"/>
  <testcase classname="TestNG.tutoria2.CheckOutTest" name="testCheckoutCOD" time="0.009"/>
  <testcase classname="TestNG.tutoria2.CheckOutTest" name="testCheckoutCreditCard" time="0.004"/>
  <testcase classname="TestNG.tutoria2.CheckOutTest" name="testCheckoutDebitCard" time="0.002"/>
  <testcase classname="TestNG.tutoria2.CheckOutTest" name="testCheckoutInvalidDebit" time="0.002"/>
  <testcase classname="TestNG.tutoria2.CheckOutTest" name="testCheckoutUPI" time="0.012"/>
  <testcase classname="TestNG.tutoria2.CheckOutTest" name="testCheckoutWallet" time="0.004"/>
</testsuite> <!-- Test4 -->
