<?xml version="1.0" encoding="UTF-8"?>
<testng-results ignored="0" total="1" passed="1" failed="0" skipped="0">
  <reporter-output>
  </reporter-output>
  <suite started-at="2025-06-02T22:37:31 IST" name="Default suite" finished-at="2025-06-02T22:37:40 IST" duration-ms="8102">
    <groups>
    </groups>
    <test started-at="2025-06-02T22:37:31 IST" name="Default test" finished-at="2025-06-02T22:37:40 IST" duration-ms="8102">
      <class name="Practice">
        <test-method signature="login()[pri:0, instance:Practice@123ef382]" started-at="2025-06-02T22:37:32 IST" name="login" description="Successfully entered youtube" finished-at="2025-06-02T22:37:40 IST" duration-ms="7988" status="PASS">
          <reporter-output>
          </reporter-output>
        </test-method> <!-- login -->
      </class> <!-- Practice -->
    </test> <!-- Default test -->
  </suite> <!-- Default suite -->
</testng-results>
