<?xml version="1.0" encoding="UTF-8"?>
<testng-results ignored="0" total="5" passed="5" failed="0" skipped="0">
  <reporter-output>
  </reporter-output>
  <suite started-at="2025-03-18T09:46:37 IST" name="kodnestLoginSuite" finished-at="2025-03-18T09:46:53 IST" duration-ms="15892">
    <groups>
    </groups>
    <test started-at="2025-03-18T09:46:37 IST" name="Test" finished-at="2025-03-18T09:46:53 IST" duration-ms="15892">
      <class name="kodnest.KodLoginTests3">
        <test-method is-config="true" signature="setUp(java.lang.String,java.lang.String,java.lang.String,java.lang.String,java.lang.String)[pri:0, instance:kodnest.KodLoginTests3@5e0e82ae]" started-at="2025-03-18T09:46:37 IST" name="setUp" finished-at="2025-03-18T09:46:46 IST" duration-ms="8399" status="PASS">
          <params>
            <param index="0">
              <value>
                <![CDATA[amitha.com]]>
              </value>
            </param>
            <param index="1">
              <value>
                <![CDATA[amitha@gmail.com]]>
              </value>
            </param>
            <param index="2">
              <value>
                <![CDATA[amithaamitha290@gmail.com]]>
              </value>
            </param>
            <param index="3">
              <value>
                <![CDATA[amitha123]]>
              </value>
            </param>
            <param index="4">
              <value>
                <![CDATA[]]>
              </value>
            </param>
          </params>
          <reporter-output>
          </reporter-output>
        </test-method> <!-- setUp -->
        <test-method signature="testBlankEmailAndPassword()[pri:1, instance:kodnest.KodLoginTests3@5e0e82ae]" started-at="2025-03-18T09:46:46 IST" name="testBlankEmailAndPassword" finished-at="2025-03-18T09:46:46 IST" duration-ms="277" status="PASS">
          <reporter-output>
          </reporter-output>
        </test-method> <!-- testBlankEmailAndPassword -->
        <test-method is-config="true" signature="refreshPage()[pri:0, instance:kodnest.KodLoginTests3@5e0e82ae]" started-at="2025-03-18T09:46:46 IST" name="refreshPage" finished-at="2025-03-18T09:46:46 IST" duration-ms="567" status="PASS">
          <reporter-output>
          </reporter-output>
        </test-method> <!-- refreshPage -->
        <test-method signature="testInvalidEmailFormat()[pri:2, instance:kodnest.KodLoginTests3@5e0e82ae]" started-at="2025-03-18T09:46:46 IST" name="testInvalidEmailFormat" finished-at="2025-03-18T09:46:47 IST" duration-ms="343" status="PASS">
          <reporter-output>
          </reporter-output>
        </test-method> <!-- testInvalidEmailFormat -->
        <test-method is-config="true" signature="refreshPage()[pri:0, instance:kodnest.KodLoginTests3@5e0e82ae]" started-at="2025-03-18T09:46:47 IST" name="refreshPage" finished-at="2025-03-18T09:46:47 IST" duration-ms="348" status="PASS">
          <reporter-output>
          </reporter-output>
        </test-method> <!-- refreshPage -->
        <test-method signature="testUnregisteredEmail()[pri:3, instance:kodnest.KodLoginTests3@5e0e82ae]" started-at="2025-03-18T09:46:47 IST" name="testUnregisteredEmail" finished-at="2025-03-18T09:46:49 IST" duration-ms="1555" status="PASS">
          <reporter-output>
          </reporter-output>
        </test-method> <!-- testUnregisteredEmail -->
        <test-method is-config="true" signature="refreshPage()[pri:0, instance:kodnest.KodLoginTests3@5e0e82ae]" started-at="2025-03-18T09:46:49 IST" name="refreshPage" finished-at="2025-03-18T09:46:50 IST" duration-ms="852" status="PASS">
          <reporter-output>
          </reporter-output>
        </test-method> <!-- refreshPage -->
        <test-method signature="testRegisteredMailWrongPassword()[pri:4, instance:kodnest.KodLoginTests3@5e0e82ae]" started-at="2025-03-18T09:46:50 IST" name="testRegisteredMailWrongPassword" finished-at="2025-03-18T09:46:51 IST" duration-ms="1811" status="PASS">
          <reporter-output>
          </reporter-output>
        </test-method> <!-- testRegisteredMailWrongPassword -->
        <test-method is-config="true" signature="refreshPage()[pri:0, instance:kodnest.KodLoginTests3@5e0e82ae]" started-at="2025-03-18T09:46:51 IST" name="refreshPage" finished-at="2025-03-18T09:46:52 IST" duration-ms="730" status="PASS">
          <reporter-output>
          </reporter-output>
        </test-method> <!-- refreshPage -->
        <test-method signature="testLoginWithValidCred()[pri:5, instance:kodnest.KodLoginTests3@5e0e82ae]" started-at="2025-03-18T09:46:52 IST" name="testLoginWithValidCred" finished-at="2025-03-18T09:46:53 IST" duration-ms="550" status="PASS">
          <reporter-output>
          </reporter-output>
        </test-method> <!-- testLoginWithValidCred -->
        <test-method is-config="true" signature="refreshPage()[pri:0, instance:kodnest.KodLoginTests3@5e0e82ae]" started-at="2025-03-18T09:46:53 IST" name="refreshPage" finished-at="2025-03-18T09:46:53 IST" duration-ms="364" status="PASS">
          <reporter-output>
          </reporter-output>
        </test-method> <!-- refreshPage -->
      </class> <!-- kodnest.KodLoginTests3 -->
    </test> <!-- Test -->
  </suite> <!-- kodnestLoginSuite -->
</testng-results>
