<?xml version="1.0" encoding="UTF-8"?>
<!-- Generated by org.testng.reporters.JUnitXMLReporter -->
<testsuite ignored="0" hostname="laptop" failures="0" tests="5" name="Test" time="15.892" errors="0" timestamp="2025-03-18T09:46:53 IST">
  <testcase classname="kodnest.KodLoginTests3" name="testBlankEmailAndPassword" time="0.277"/>
  <testcase classname="kodnest.KodLoginTests3" name="testInvalidEmailFormat" time="0.343"/>
  <testcase classname="kodnest.KodLoginTests3" name="testUnregisteredEmail" time="1.555"/>
  <testcase classname="kodnest.KodLoginTests3" name="testRegisteredMailWrongPassword" time="1.811"/>
  <testcase classname="kodnest.KodLoginTests3" name="testLoginWithValidCred" time="0.55"/>
</testsuite> <!-- Test -->
