<?xml version="1.0" encoding="UTF-8"?>
<!-- Generated by org.testng.reporters.JUnitXMLReporter -->
<testsuite ignored="0" hostname="laptop" failures="0" tests="5" name="Default test" time="13.993" errors="0" timestamp="2025-03-17T11:15:12 IST">
  <testcase classname="kodnest.KodLoginTests2" name="testBlankEmailAndPassword" time="0.522"/>
  <testcase classname="kodnest.KodLoginTests2" name="testInvalidEmailFormat" time="0.33"/>
  <testcase classname="kodnest.KodLoginTests2" name="testUnregisteredEmail" time="1.59"/>
  <testcase classname="kodnest.KodLoginTests2" name="testRegisteredMailWrongPassword" time="2.13"/>
  <testcase classname="kodnest.KodLoginTests2" name="testLoginWithValidCred" time="0.797"/>
</testsuite> <!-- Default test -->
